<?xml version="1.0" encoding="UTF-8"?>
<testng-results skipped="0" failed="0" ignored="0" total="2" passed="2">
  <reporter-output>
  </reporter-output>
  <suite name="Surefire suite" duration-ms="43177" started-at="2019-01-22T11:20:05Z" finished-at="2019-01-22T11:20:49Z">
    <groups>
      <group name="cucumber">
        <method signature="AbstractTestNGCucumberTests.feature(cucumber.api.testng.CucumberFeatureWrapper)[pri:0, instance:Login01IT@4909b8da]" name="feature" class="cucumber.api.testng.AbstractTestNGCucumberTests"/>
        <method signature="AbstractTestNGCucumberTests.feature(cucumber.api.testng.CucumberFeatureWrapper)[pri:0, instance:Search02IT@3a03464]" name="feature" class="cucumber.api.testng.AbstractTestNGCucumberTests"/>
      </group> <!-- cucumber -->
    </groups>
    <test name="Surefire test" duration-ms="43177" started-at="2019-01-22T11:20:05Z" finished-at="2019-01-22T11:20:49Z">
      <class name="Search02IT">
        <test-method status="PASS" signature="setUpClass()[pri:0, instance:Search02IT@3a03464]" name="setUpClass" is-config="true" duration-ms="9" started-at="2019-01-22T11:20:19Z" finished-at="2019-01-22T11:20:19Z">
          <reporter-output>
          </reporter-output>
        </test-method> <!-- setUpClass -->
        <test-method status="PASS" signature="feature(cucumber.api.testng.CucumberFeatureWrapper)[pri:0, instance:Search02IT@3a03464]" name="feature" duration-ms="29585" started-at="2019-01-22T11:20:19Z" description="Runs Cucumber Feature" data-provider="features" finished-at="2019-01-22T11:20:49Z">
          <params>
            <param index="0">
              <value>
                <![CDATA[Search functionality]]>
              </value>
            </param>
          </params>
          <reporter-output>
          </reporter-output>
        </test-method> <!-- feature -->
        <test-method status="PASS" signature="tearDownClass()[pri:0, instance:Search02IT@3a03464]" name="tearDownClass" is-config="true" duration-ms="0" started-at="2019-01-22T11:20:49Z" finished-at="2019-01-22T11:20:49Z">
          <reporter-output>
          </reporter-output>
        </test-method> <!-- tearDownClass -->
      </class> <!-- Search02IT -->
      <class name="Login01IT">
        <test-method status="PASS" signature="setUpClass()[pri:0, instance:Login01IT@4909b8da]" name="setUpClass" is-config="true" duration-ms="168" started-at="2019-01-22T11:20:05Z" finished-at="2019-01-22T11:20:06Z">
          <reporter-output>
          </reporter-output>
        </test-method> <!-- setUpClass -->
        <test-method status="PASS" signature="feature(cucumber.api.testng.CucumberFeatureWrapper)[pri:0, instance:Login01IT@4909b8da]" name="feature" duration-ms="13338" started-at="2019-01-22T11:20:06Z" description="Runs Cucumber Feature" data-provider="features" finished-at="2019-01-22T11:20:19Z">
          <params>
            <param index="0">
              <value>
                <![CDATA[Login]]>
              </value>
            </param>
          </params>
          <reporter-output>
          </reporter-output>
        </test-method> <!-- feature -->
        <test-method status="PASS" signature="tearDownClass()[pri:0, instance:Login01IT@4909b8da]" name="tearDownClass" is-config="true" duration-ms="8" started-at="2019-01-22T11:20:19Z" finished-at="2019-01-22T11:20:19Z">
          <reporter-output>
          </reporter-output>
        </test-method> <!-- tearDownClass -->
      </class> <!-- Login01IT -->
    </test> <!-- Surefire test -->
  </suite> <!-- Surefire suite -->
</testng-results>
